This is pdfTeX, Version 3.14159265-2.6-1.40.15 (TeX Live 2014) (preloaded format=pdflatex 2014.10.8)  24 NOV 2014 00:07
entering extended mode
 restricted \write18 enabled.
 file:line:error style messages enabled.
 %&-line parsing enabled.
**a4.tex
(./a4.tex
LaTeX2e <2014/05/01>
Babel <3.9k> and hyphenation patterns for 78 languages loaded.
(/usr/local/texlive/2014/texmf-dist/tex/latex/base/book.cls
Document Class: book 2007/10/19 v1.4h Standard LaTeX document class
(/usr/local/texlive/2014/texmf-dist/tex/latex/base/bk12.clo
File: bk12.clo 2007/10/19 v1.4h Standard LaTeX file (size option)
)
\c@part=\count79
\c@chapter=\count80
\c@section=\count81
\c@subsection=\count82
\c@subsubsection=\count83
\c@paragraph=\count84
\c@subparagraph=\count85
\c@figure=\count86
\c@table=\count87
\abovecaptionskip=\skip41
\belowcaptionskip=\skip42
\bibindent=\dimen102
)
(/usr/local/texlive/2014/texmf-dist/tex/latex/geometry/geometry.sty
Package: geometry 2010/09/12 v5.6 Page Geometry

(/usr/local/texlive/2014/texmf-dist/tex/latex/graphics/keyval.sty
Package: keyval 2014/05/08 v1.15 key=value parser (DPC)
\KV@toks@=\toks14
)
(/usr/local/texlive/2014/texmf-dist/tex/generic/oberdiek/ifpdf.sty
Package: ifpdf 2011/01/30 v2.3 Provides the ifpdf switch (HO)
Package ifpdf Info: pdfTeX in PDF mode is detected.
)
(/usr/local/texlive/2014/texmf-dist/tex/generic/oberdiek/ifvtex.sty
Package: ifvtex 2010/03/01 v1.5 Detect VTeX and its facilities (HO)
Package ifvtex Info: VTeX not detected.
)
(/usr/local/texlive/2014/texmf-dist/tex/generic/ifxetex/ifxetex.sty
Package: ifxetex 2010/09/12 v0.6 Provides ifxetex conditional
)
\Gm@cnth=\count88
\Gm@cntv=\count89
\c@Gm@tempcnt=\count90
\Gm@bindingoffset=\dimen103
\Gm@wd@mp=\dimen104
\Gm@odd@mp=\dimen105
\Gm@even@mp=\dimen106
\Gm@layoutwidth=\dimen107
\Gm@layoutheight=\dimen108
\Gm@layouthoffset=\dimen109
\Gm@layoutvoffset=\dimen110
\Gm@dimlist=\toks15
)
(/usr/local/texlive/2014/texmf-dist/tex/latex/titlesec/titlesec.sty
Package: titlesec 2011/12/15 v2.10.0 Sectioning titles
\ttl@box=\box26
\beforetitleunit=\skip43
\aftertitleunit=\skip44
\ttl@plus=\dimen111
\ttl@minus=\dimen112
\ttl@toksa=\toks16
\titlewidth=\dimen113
\titlewidthlast=\dimen114
\titlewidthfirst=\dimen115
)
(/usr/local/texlive/2014/texmf-dist/tex/latex/titlesec/titleps.sty
Package: titleps 2011/12/15 v1.1.0 Page styles

(/usr/local/texlive/2014/texmf-dist/tex/latex/titlesec/ttlps.def
File: ttlps.def 2011/12/15
)) (./a4.aux)
\openout1 = `a4.aux'.

LaTeX Font Info:    Checking defaults for OML/cmm/m/it on input line 37.
LaTeX Font Info:    ... okay on input line 37.
LaTeX Font Info:    Checking defaults for T1/cmr/m/n on input line 37.
LaTeX Font Info:    ... okay on input line 37.
LaTeX Font Info:    Checking defaults for OT1/cmr/m/n on input line 37.
LaTeX Font Info:    ... okay on input line 37.
LaTeX Font Info:    Checking defaults for OMS/cmsy/m/n on input line 37.
LaTeX Font Info:    ... okay on input line 37.
LaTeX Font Info:    Checking defaults for OMX/cmex/m/n on input line 37.
LaTeX Font Info:    ... okay on input line 37.
LaTeX Font Info:    Checking defaults for U/cmr/m/n on input line 37.
LaTeX Font Info:    ... okay on input line 37.

*geometry* driver: auto-detecting
*geometry* detected driver: pdftex
*geometry* verbose mode - [ preamble ] result:
* driver: pdftex
* paper: a4paper
* layout: <same size as paper>
* layoutoffset:(h,v)=(0.0pt,0.0pt)
* hratio: 1:1
* vratio: 1:1
* modes: twoside 
* h-part:(L,W,R)=(89.62709pt, 418.25368pt, 89.6271pt)
* v-part:(T,H,B)=(126.75832pt, 591.5302pt, 126.75833pt)
* \paperwidth=597.50787pt
* \paperheight=845.04684pt
* \textwidth=418.25368pt
* \textheight=591.5302pt
* \oddsidemargin=17.3571pt
* \evensidemargin=17.35712pt
* \topmargin=22.61453pt
* \headheight=12.0pt
* \headsep=19.8738pt
* \topskip=12.0pt
* \footskip=30.0pt
* \marginparwidth=98.0pt
* \marginparsep=7.0pt
* \columnsep=10.0pt
* \skip\footins=10.8pt plus 4.0pt minus 2.0pt
* \hoffset=0.0pt
* \voffset=0.0pt
* \mag=1000
* \@twocolumnfalse
* \@twosidetrue
* \@mparswitchtrue
* \@reversemarginfalse
* (1in=72.27pt=25.4mm, 1cm=28.453pt)

(./chapters/01_01.tex
Chapter 1.
LaTeX Font Info:    External font `cmex10' loaded for size
(Font)              <12> on input line 7.
LaTeX Font Info:    External font `cmex10' loaded for size
(Font)              <8> on input line 7.
LaTeX Font Info:    External font `cmex10' loaded for size
(Font)              <6> on input line 7.
LaTeX Font Info:    External font `cmex10' loaded for size
(Font)              <7> on input line 7.
LaTeX Font Info:    External font `cmex10' loaded for size
(Font)              <5> on input line 7.
[1


{/usr/local/texlive/2014/texmf-var/fonts/map/pdftex/updmap/pdftex.map}]
Missing character: There is no Ã in font cmr12!
Missing character: There is no ± in font cmr12!
Missing character: There is no Ã in font cmr12!
Missing character: There is no ± in font cmr12!
Missing character: There is no Ã in font cmr12!
Missing character: There is no ± in font cmr12!

Underfull \vbox (badness 10000) has occurred while \output is active []

 [2])
(./chapters/01_02.tex
Chapter 2.

Underfull \vbox (badness 10000) has occurred while \output is active []

 [3]
Underfull \vbox (badness 10000) has occurred while \output is active []

 [4]
Missing character: There is no Ã in font cmr12!
Missing character: There is no ± in font cmr12!
Missing character: There is no Ã in font cmr12!
Missing character: There is no ± in font cmr12!

Underfull \vbox (badness 10000) has occurred while \output is active []

 [5])
(./chapters/01_03.tex
Chapter 3.

Underfull \vbox (badness 10000) has occurred while \output is active []

 [6]
Overfull \hbox (7.27524pt too wide) in paragraph at lines 7--8
[]\OT1/cmr/m/n/12 12-17. The first is the Up-apur^ana nar-rated by Sanat Kum^ar
a; next comes Narasimha
 []


Overfull \hbox (4.42947pt too wide) in paragraph at lines 7--8
\OT1/cmr/m/n/12 Samva Pur^ana, Nandi Ke[]Swara Pur^ana, Saura Pur^ana, Pur^ana 
spo-ken by Par^a[]Sara,
 []


Underfull \vbox (badness 10000) has occurred while \output is active []

 [7]
Missing character: There is no Â in font cmr12!
Missing character: There is no « in font cmr12!
)
(./chapters/01_04.tex
Chapter 4.

Underfull \vbox (badness 10000) has occurred while \output is active []

 [8]
Missing character: There is no â in font cmr12!
Missing character: There is no € in font cmr12!
Missing character: There is no ™ in font cmr12!
Missing character: There is no â in font cmr12!
Missing character: There is no € in font cmr12!
Missing character: There is no ™ in font cmr12!
Missing character: There is no â in font cmr12!
Missing character: There is no € in font cmr12!
Missing character: There is no ™ in font cmr12!

Underfull \vbox (badness 10000) has occurred while \output is active []

 [9]
Missing character: There is no â in font cmr12!
Missing character: There is no € in font cmr12!
Missing character: There is no ™ in font cmr12!
Missing character: There is no â in font cmr12!
Missing character: There is no € in font cmr12!
Missing character: There is no ™ in font cmr12!

Underfull \vbox (badness 10000) has occurred while \output is active []

 [10]
Missing character: There is no Ã in font cmr12!
Missing character: There is no ± in font cmr12!

Underfull \vbox (badness 10000) has occurred while \output is active []

 [11])
(./chapters/01_05.tex
Chapter 5.

Underfull \vbox (badness 10000) has occurred while \output is active []

 [12]
Underfull \vbox (badness 10000) has occurred while \output is active []

 [13]
Missing character: There is no Ã in font cmr12!
Missing character: There is no ± in font cmr12!

Underfull \vbox (badness 10000) has occurred while \output is active []

 [14]
Missing character: There is no Ã in font cmr12!
Missing character: There is no ± in font cmr12!

Underfull \vbox (badness 10000) has occurred while \output is active []

 [15]
Underfull \vbox (badness 10000) has occurred while \output is active []

 [16]
Missing character: There is no â in font cmr12!
Missing character: There is no € in font cmr12!
Missing character: There is no ™ in font cmr12!

Underfull \vbox (badness 10000) has occurred while \output is active []

 [17]
Missing character: There is no Ã in font cmr12!
Missing character: There is no ± in font cmr12!

Underfull \vbox (badness 10000) has occurred while \output is active []

 [18])
(./chapters/01_06.tex
Chapter 6.

Underfull \vbox (badness 10000) has occurred while \output is active []

 [19]
Underfull \vbox (badness 10000) has occurred while \output is active []

 [20])
(./chapters/01_07.tex
Chapter 7.

Underfull \vbox (badness 10000) has occurred while \output is active []

 [21]
Underfull \vbox (badness 10000) has occurred while \output is active []

 [22]
Underfull \vbox (badness 10000) has occurred while \output is active []

 [23]
Missing character: There is no Ã in font cmr12!
Missing character: There is no ± in font cmr12!

Underfull \vbox (badness 10000) has occurred while \output is active []

 [24])
(./chapters/01_08.tex
Chapter 8.

Underfull \vbox (badness 10000) has occurred while \output is active []

 [25]
Underfull \vbox (badness 10000) has occurred while \output is active []

 [26]
Missing character: There is no Ã in font cmr12!
Missing character: There is no ± in font cmr12!

Underfull \vbox (badness 10000) has occurred while \output is active []

 [27])
(./chapters/01_09.tex
Chapter 9.

Underfull \vbox (badness 10000) has occurred while \output is active []

 [28]
Underfull \vbox (badness 10000) has occurred while \output is active []

 [29]
Underfull \vbox (badness 10000) has occurred while \output is active []

 [30]
Missing character: There is no â in font cmr12!
Missing character: There is no € in font cmr12!
Missing character: There is no ™ in font cmr12!

Underfull \vbox (badness 10000) has occurred while \output is active []

 [31]
Underfull \vbox (badness 10000) has occurred while \output is active []

 [32])
(./chapters/01_10.tex
Chapter 10.
Missing character: There is no â in font cmcsc10!
Missing character: There is no € in font cmcsc10!
Missing character: There is no ™ in font cmcsc10!

Underfull \vbox (badness 10000) has occurred while \output is active []

Missing character: There is no â in font cmcsc10!
Missing character: There is no € in font cmcsc10!
Missing character: There is no ™ in font cmcsc10!
 [33]
Missing character: There is no Ã in font cmr12!
Missing character: There is no ± in font cmr12!

Underfull \vbox (badness 10000) has occurred while \output is active []

 [34]
Missing character: There is no â in font cmr12!
Missing character: There is no € in font cmr12!
Missing character: There is no ™ in font cmr12!
Missing character: There is no Ã in font cmr12!
Missing character: There is no ± in font cmr12!
)
(./chapters/01_11.tex
Chapter 11.

Underfull \vbox (badness 10000) has occurred while \output is active []

 [35]
Underfull \vbox (badness 10000) has occurred while \output is active []

 [36]
Underfull \vbox (badness 10000) has occurred while \output is active []

 [37]
Underfull \vbox (badness 10000) has occurred while \output is active []

 [38]
Underfull \vbox (badness 10000) has occurred while \output is active []

 [39])
(./chapters/01_12.tex
Chapter 12.

Underfull \vbox (badness 10000) has occurred while \output is active []

 [40]
Underfull \vbox (badness 10000) has occurred while \output is active []

 [41]
Underfull \vbox (badness 10000) has occurred while \output is active []

 [42]
Underfull \vbox (badness 10000) has occurred while \output is active []

 [43])
(./chapters/01_13.tex
Chapter 13.

Underfull \vbox (badness 10000) has occurred while \output is active []

 [44]
Underfull \vbox (badness 10000) has occurred while \output is active []

 [45])
(./chapters/01_14.tex
Chapter 14.

Underfull \vbox (badness 10000) has occurred while \output is active []

 [46]
Underfull \vbox (badness 10000) has occurred while \output is active []

 [47]
Underfull \vbox (badness 10000) has occurred while \output is active []

 [48]
Underfull \vbox (badness 10000) has occurred while \output is active []

 [49])
(./chapters/01_15.tex
Chapter 15.

Underfull \vbox (badness 10000) has occurred while \output is active []

 [50]
Underfull \vbox (badness 10000) has occurred while \output is active []

 [51]
Underfull \vbox (badness 10000) has occurred while \output is active []

 [52]
Underfull \vbox (badness 10000) has occurred while \output is active []

 [53]
Underfull \vbox (badness 10000) has occurred while \output is active []

 [54])
(./chapters/01_16.tex
Chapter 16.
Missing character: There is no â in font cmcsc10!
Missing character: There is no € in font cmcsc10!
Missing character: There is no ™ in font cmcsc10!

Underfull \vbox (badness 10000) has occurred while \output is active []

Missing character: There is no â in font cmcsc10!
Missing character: There is no € in font cmcsc10!
Missing character: There is no ™ in font cmcsc10!
 [55]
Underfull \vbox (badness 10000) has occurred while \output is active []

 [56]
Missing character: There is no Ã in font cmr12!
Missing character: There is no ± in font cmr12!

Underfull \vbox (badness 10000) has occurred while \output is active []

Missing character: There is no â in font cmcsc10!
Missing character: There is no € in font cmcsc10!
Missing character: There is no ™ in font cmcsc10!
 [57])
(./chapters/01_17.tex
Chapter 17.
Missing character: There is no â in font cmcsc10!
Missing character: There is no € in font cmcsc10!
Missing character: There is no ™ in font cmcsc10!

Underfull \vbox (badness 10000) has occurred while \output is active []

 [58]
Missing character: There is no Ã in font cmr12!
Missing character: There is no ± in font cmr12!

Underfull \vbox (badness 10000) has occurred while \output is active []

Missing character: There is no â in font cmcsc10!
Missing character: There is no € in font cmcsc10!
Missing character: There is no ™ in font cmcsc10!

Overfull \hbox (9.0661pt too wide) has occurred while \output is active
 [][] \OT1/cmr/m/sc/10 On []S[]ukas displaying his self-control amidst the wome
n of the palace of Mithil[]a [] 
 []

[59]
Missing character: There is no â in font cmr12!
Missing character: There is no € in font cmr12!
Missing character: There is no ™ in font cmr12!

Underfull \vbox (badness 10000) has occurred while \output is active []

 [60]
Missing character: There is no â in font cmr12!
Missing character: There is no € in font cmr12!
Missing character: There is no ™ in font cmr12!

Underfull \vbox (badness 10000) has occurred while \output is active []

Missing character: There is no â in font cmcsc10!
Missing character: There is no € in font cmcsc10!
Missing character: There is no ™ in font cmcsc10!

Overfull \hbox (9.0661pt too wide) has occurred while \output is active
 [][] \OT1/cmr/m/sc/10 On []S[]ukas displaying his self-control amidst the wome
n of the palace of Mithil[]a [] 
 []

[61]) (./chapters/01_18.tex
Chapter 18.
Missing character: There is no â in font cmcsc10!
Missing character: There is no € in font cmcsc10!
Missing character: There is no ™ in font cmcsc10!

Underfull \vbox (badness 10000) has occurred while \output is active []

 [62]
Underfull \vbox (badness 10000) has occurred while \output is active []

Missing character: There is no â in font cmcsc10!
Missing character: There is no € in font cmcsc10!
Missing character: There is no ™ in font cmcsc10!
 [63]
Missing character: There is no Ã in font cmr12!
Missing character: There is no ± in font cmr12!
Missing character: There is no Ã in font cmr12!
Missing character: There is no ± in font cmr12!
Missing character: There is no â in font cmr12!
Missing character: There is no € in font cmr12!
Missing character: There is no ™ in font cmr12!

Underfull \vbox (badness 10000) has occurred while \output is active []

 [64]
Missing character: There is no â in font cmr12!
Missing character: There is no € in font cmr12!
Missing character: There is no ™ in font cmr12!

Underfull \vbox (badness 10000) has occurred while \output is active []

Missing character: There is no â in font cmcsc10!
Missing character: There is no € in font cmcsc10!
Missing character: There is no ™ in font cmcsc10!
 [65]
Missing character: There is no Ã in font cmr12!
Missing character: There is no ± in font cmr12!

Underfull \vbox (badness 10000) has occurred while \output is active []

 [66])
(./chapters/01_19.tex
Chapter 19.

Underfull \vbox (badness 10000) has occurred while \output is active []

 [67]
Missing character: There is no â in font cmr12!
Missing character: There is no € in font cmr12!
Missing character: There is no ™ in font cmr12!

Underfull \vbox (badness 10000) has occurred while \output is active []

 [68]
Missing character: There is no Ã in font cmr12!
Missing character: There is no ± in font cmr12!

Underfull \vbox (badness 10000) has occurred while \output is active []

 [69]
Underfull \vbox (badness 10000) has occurred while \output is active []

 [70])
(./chapters/01_20.tex
Chapter 20.

Underfull \vbox (badness 10000) has occurred while \output is active []

 [71]
Underfull \vbox (badness 10000) has occurred while \output is active []

 [72]
Underfull \vbox (badness 10000) has occurred while \output is active []

 [73]
Underfull \vbox (badness 10000) has occurred while \output is active []

 [74])
[75] (./a4.aux) ) 
Here is how much of TeX's memory you used:
 1221 strings out of 493117
 16301 string characters out of 6135433
 90797 words of memory out of 5000000
 4670 multiletter control sequences out of 15000+600000
 7878 words of font info for 28 fonts, out of 8000000 for 9000
 1141 hyphenation exceptions out of 8191
 26i,8n,37p,6627b,214s stack positions out of 5000i,500n,10000p,200000b,80000s
</usr/local/texlive/2014/texmf-dist/fonts/type1/public/amsfont
s/cm/cmcsc10.pfb></usr/local/texlive/2014/texmf-dist/fonts/type1/public/amsfont
s/cm/cmr10.pfb></usr/local/texlive/2014/texmf-dist/fonts/type1/public/amsfonts/
cm/cmr12.pfb></usr/local/texlive/2014/texmf-dist/fonts/type1/public/amsfonts/cm
/cmr7.pfb></usr/local/texlive/2014/texmf-dist/fonts/type1/public/amsfonts/cm/cm
r8.pfb>
Output written on a4.pdf (75 pages, 292454 bytes).
PDF statistics:
 267 PDF objects out of 1000 (max. 8388607)
 183 compressed objects within 2 object streams
 0 named destinations out of 1000 (max. 500000)
 1 words of extra memory for PDF output out of 10000 (max. 10000000)

